[2020-11-11T15:41:16.308] [DEBUG] cheese - login => username:张三,password:123456
[2020-11-11T15:41:16.310] [DEBUG] cheese - 张三
[2020-11-11T15:41:16.328] [DEBUG] cheese - { inspect: [Function: inspect] }
[2020-11-11T15:41:16.330] [DEBUG] cheese - 查询失败
[2020-11-11T15:41:37.398] [DEBUG] cheese - login => username:张三,password:123456
[2020-11-11T15:41:37.398] [DEBUG] cheese - 张三
[2020-11-11T15:41:37.402] [DEBUG] cheese - { inspect: [Function: inspect] }
[2020-11-11T15:41:37.402] [DEBUG] cheese - 查询失败
[2020-11-11T15:41:39.284] [DEBUG] cheese - login => username:张三,password:123456
[2020-11-11T15:41:39.284] [DEBUG] cheese - 张三
[2020-11-11T15:41:39.287] [DEBUG] cheese - { inspect: [Function: inspect] }
[2020-11-11T15:41:39.287] [DEBUG] cheese - 查询失败
[2020-11-11T15:41:44.453] [DEBUG] cheese - login => username:张三,password:123456
[2020-11-11T15:41:44.453] [DEBUG] cheese - 张三
[2020-11-11T15:41:44.456] [DEBUG] cheese - { inspect: [Function: inspect] }
[2020-11-11T15:41:44.457] [DEBUG] cheese - 查询失败
[2020-11-11T15:42:05.559] [DEBUG] cheese - login => username:admin,password:123456
[2020-11-11T15:42:05.559] [DEBUG] cheese - admin
[2020-11-11T15:42:05.564] [DEBUG] cheese - { inspect: [Function: inspect] }
[2020-11-11T15:42:05.564] [DEBUG] cheese - 查询失败
[2020-11-11T15:43:17.163] [DEBUG] cheese - login => username:ww,password:123456
[2020-11-11T15:43:17.163] [DEBUG] cheese - ww
[2020-11-11T15:43:17.167] [DEBUG] cheese - { inspect: [Function: inspect] }
[2020-11-11T15:43:17.167] [DEBUG] cheese - 查询失败
[2020-11-11T15:43:29.603] [DEBUG] cheese - login => username:zce,password:123456
[2020-11-11T15:43:29.603] [DEBUG] cheese - zce
[2020-11-11T15:43:29.606] [DEBUG] cheese - { inspect: [Function: inspect] }
[2020-11-11T15:43:29.606] [DEBUG] cheese - 查询失败
[2020-11-11T15:43:30.645] [DEBUG] cheese - login => username:zce,password:123456
[2020-11-11T15:43:30.646] [DEBUG] cheese - zce
[2020-11-11T15:43:30.655] [DEBUG] cheese - { inspect: [Function: inspect] }
[2020-11-11T15:43:30.655] [DEBUG] cheese - 查询失败
[2020-11-11T15:44:05.269] [DEBUG] cheese - login => username:admin,password:123456
[2020-11-11T15:44:05.269] [DEBUG] cheese - admin
[2020-11-11T15:44:05.272] [DEBUG] cheese - { inspect: [Function: inspect] }
[2020-11-11T15:44:05.272] [DEBUG] cheese - 查询失败
[2020-11-11T15:44:10.999] [DEBUG] cheese - login => username:www,password:123456
[2020-11-11T15:44:10.999] [DEBUG] cheese - www
[2020-11-11T15:44:11.002] [DEBUG] cheese - { inspect: [Function: inspect] }
[2020-11-11T15:44:11.003] [DEBUG] cheese - 查询失败
[2020-11-11T15:44:14.164] [DEBUG] cheese - login => username:ww,password:123456
[2020-11-11T15:44:14.165] [DEBUG] cheese - ww
[2020-11-11T15:44:14.168] [DEBUG] cheese - { inspect: [Function: inspect] }
[2020-11-11T15:44:14.168] [DEBUG] cheese - 查询失败
[2020-11-11T15:44:20.474] [DEBUG] cheese - login => username:zce,password:123456
[2020-11-11T15:44:20.474] [DEBUG] cheese - zce
[2020-11-11T15:44:20.476] [DEBUG] cheese - { inspect: [Function: inspect] }
[2020-11-11T15:44:20.477] [DEBUG] cheese - 查询失败
[2020-11-11T15:44:54.757] [DEBUG] cheese - login => username:zce,password:123456
[2020-11-11T15:44:54.757] [DEBUG] cheese - zce
[2020-11-11T15:44:54.761] [DEBUG] cheese - { inspect: [Function: inspect] }
[2020-11-11T15:44:54.762] [DEBUG] cheese - 查询失败
[2020-11-11T15:45:02.945] [DEBUG] cheese - login => username:admin,password:123456
[2020-11-11T15:45:02.945] [DEBUG] cheese - admin
[2020-11-11T15:45:02.949] [DEBUG] cheese - { inspect: [Function: inspect] }
[2020-11-11T15:45:02.949] [DEBUG] cheese - 查询失败
[2020-11-11T15:45:03.808] [DEBUG] cheese - login => username:admin,password:123456
[2020-11-11T15:45:03.809] [DEBUG] cheese - admin
[2020-11-11T15:45:03.816] [DEBUG] cheese - { inspect: [Function: inspect] }
[2020-11-11T15:45:03.817] [DEBUG] cheese - 查询失败
[2020-11-11T18:03:10.306] [DEBUG] cheese - login => username:大矮的奥德赛啊,password:3123213123123123
[2020-11-11T18:03:10.308] [DEBUG] cheese - 大矮的奥德赛啊
[2020-11-11T18:03:10.328] [DEBUG] cheese - { inspect: [Function: inspect] }
[2020-11-11T18:03:10.329] [DEBUG] cheese - 查询失败
[2020-11-11T18:06:25.175] [DEBUG] cheese - login => username:2312312,password:3123123123
[2020-11-11T18:06:25.175] [DEBUG] cheese - 2312312
[2020-11-11T18:06:25.188] [DEBUG] cheese - { inspect: [Function: inspect] }
[2020-11-11T18:06:25.188] [DEBUG] cheese - 查询失败
[2020-11-11T18:08:46.284] [DEBUG] cheese - login => username:王企鹅群无,password:wqe q 
[2020-11-11T18:08:46.284] [DEBUG] cheese - 王企鹅群无
[2020-11-11T18:08:46.287] [DEBUG] cheese - { inspect: [Function: inspect] }
[2020-11-11T18:08:46.287] [DEBUG] cheese - 查询失败
[2020-11-11T18:08:53.013] [DEBUG] cheese - login => username:121212,password:23123131
[2020-11-11T18:08:53.013] [DEBUG] cheese - 121212
[2020-11-11T18:08:53.017] [DEBUG] cheese - { inspect: [Function: inspect] }
[2020-11-11T18:08:53.018] [DEBUG] cheese - 查询失败
[2020-11-11T18:09:07.925] [DEBUG] cheese - login => username:admin,password:1234456
[2020-11-11T18:09:07.925] [DEBUG] cheese - admin
[2020-11-11T18:09:07.928] [DEBUG] cheese - { inspect: [Function: inspect] }
[2020-11-11T18:09:07.928] [DEBUG] cheese - 查询失败
[2020-11-11T18:09:09.112] [DEBUG] cheese - login => username:admin,password:1234456
[2020-11-11T18:09:09.112] [DEBUG] cheese - admin
[2020-11-11T18:09:09.117] [DEBUG] cheese - { inspect: [Function: inspect] }
[2020-11-11T18:09:09.117] [DEBUG] cheese - 查询失败
[2020-11-11T18:09:15.595] [DEBUG] cheese - login => username:admin,password:123456
[2020-11-11T18:09:15.595] [DEBUG] cheese - admin
[2020-11-11T18:09:15.598] [DEBUG] cheese - { inspect: [Function: inspect] }
[2020-11-11T18:09:15.598] [DEBUG] cheese - 查询失败
[2020-11-11T18:09:38.756] [DEBUG] cheese - login => username:zce,password:123456
[2020-11-11T18:09:38.756] [DEBUG] cheese - zce
[2020-11-11T18:09:38.759] [DEBUG] cheese - { inspect: [Function: inspect] }
[2020-11-11T18:09:38.759] [DEBUG] cheese - 查询失败
[2020-11-11T18:12:02.577] [DEBUG] cheese - login => username:213131,password:3123213123
[2020-11-11T18:12:02.577] [DEBUG] cheese - 213131
[2020-11-11T18:12:02.579] [DEBUG] cheese - { inspect: [Function: inspect] }
[2020-11-11T18:12:02.580] [DEBUG] cheese - 查询失败
[2020-11-11T18:12:28.742] [DEBUG] cheese - login => username:admin,password:123456
[2020-11-11T18:12:28.742] [DEBUG] cheese - admin
[2020-11-11T18:12:28.745] [DEBUG] cheese - { inspect: [Function: inspect] }
[2020-11-11T18:12:28.745] [DEBUG] cheese - 查询失败
[2020-11-11T18:14:32.104] [DEBUG] cheese - login => username:admin,password:123456
[2020-11-11T18:14:32.105] [DEBUG] cheese - admin
[2020-11-11T18:14:32.107] [DEBUG] cheese - { inspect: [Function: inspect] }
[2020-11-11T18:14:32.107] [DEBUG] cheese - 查询失败
[2020-11-11T18:14:34.322] [DEBUG] cheese - login => username:admin,password:123456
[2020-11-11T18:14:34.322] [DEBUG] cheese - admin
[2020-11-11T18:14:34.325] [DEBUG] cheese - { inspect: [Function: inspect] }
[2020-11-11T18:14:34.326] [DEBUG] cheese - 查询失败
[2020-11-11T18:14:35.980] [DEBUG] cheese - login => username:admin,password:123456
[2020-11-11T18:14:35.980] [DEBUG] cheese - admin
[2020-11-11T18:14:35.982] [DEBUG] cheese - { inspect: [Function: inspect] }
[2020-11-11T18:14:35.982] [DEBUG] cheese - 查询失败
[2020-11-11T18:14:37.624] [DEBUG] cheese - login => username:admin,password:123456
[2020-11-11T18:14:37.624] [DEBUG] cheese - admin
[2020-11-11T18:14:37.626] [DEBUG] cheese - { inspect: [Function: inspect] }
[2020-11-11T18:14:37.627] [DEBUG] cheese - 查询失败
[2020-11-11T18:14:54.256] [DEBUG] cheese - login => username:213123,password:23123123
[2020-11-11T18:14:54.257] [DEBUG] cheese - 213123
[2020-11-11T18:14:54.266] [DEBUG] cheese - { inspect: [Function: inspect] }
[2020-11-11T18:14:54.269] [DEBUG] cheese - 查询失败
[2020-11-11T18:15:02.208] [DEBUG] cheese - login => username:admin,password:123456
[2020-11-11T18:15:02.208] [DEBUG] cheese - admin
[2020-11-11T18:15:02.212] [DEBUG] cheese - { inspect: [Function: inspect] }
[2020-11-11T18:15:02.213] [DEBUG] cheese - 查询失败
[2020-11-11T18:15:37.621] [DEBUG] cheese - login => username:admin,password:123456
[2020-11-11T18:15:37.621] [DEBUG] cheese - admin
[2020-11-11T18:15:37.626] [DEBUG] cheese - { inspect: [Function: inspect] }
[2020-11-11T18:15:37.626] [DEBUG] cheese - 查询失败
[2020-11-11T18:17:59.144] [DEBUG] cheese - login => username:admin,password:123456
[2020-11-11T18:17:59.144] [DEBUG] cheese - admin
[2020-11-11T18:17:59.147] [DEBUG] cheese - { inspect: [Function: inspect] }
[2020-11-11T18:17:59.147] [DEBUG] cheese - 查询失败
[2020-11-11T18:18:08.245] [DEBUG] cheese - login => username:admin,password:123456
[2020-11-11T18:18:08.245] [DEBUG] cheese - admin
[2020-11-11T18:18:08.249] [DEBUG] cheese - { inspect: [Function: inspect] }
[2020-11-11T18:18:08.249] [DEBUG] cheese - 查询失败
[2020-11-11T18:19:08.079] [DEBUG] cheese - login => username:admin,password:123456
[2020-11-11T18:19:08.079] [DEBUG] cheese - admin
[2020-11-11T18:19:08.081] [DEBUG] cheese - { inspect: [Function: inspect] }
[2020-11-11T18:19:08.081] [DEBUG] cheese - 查询失败
[2020-11-11T18:19:28.269] [DEBUG] cheese - login => username:admin1,password:123456
[2020-11-11T18:19:28.269] [DEBUG] cheese - admin1
[2020-11-11T18:19:28.272] [DEBUG] cheese - login => username:admin1,password:123456
[2020-11-11T18:19:28.272] [DEBUG] cheese - admin1
[2020-11-11T18:19:28.276] [DEBUG] cheese - login => username:admin1,password:123456
[2020-11-11T18:19:28.276] [DEBUG] cheese - admin1
[2020-11-11T18:19:28.278] [DEBUG] cheese - login => username:admin1,password:123456
[2020-11-11T18:19:28.278] [DEBUG] cheese - admin1
[2020-11-11T18:19:28.281] [DEBUG] cheese - login => username:admin1,password:1234561
[2020-11-11T18:19:28.281] [DEBUG] cheese - admin1
[2020-11-11T18:19:28.284] [DEBUG] cheese - login => username:admin1,password:123456
[2020-11-11T18:19:28.284] [DEBUG] cheese - admin1
[2020-11-11T18:19:28.288] [DEBUG] cheese - { inspect: [Function: inspect] }
[2020-11-11T18:19:28.288] [DEBUG] cheese - 查询失败
[2020-11-11T18:19:28.292] [DEBUG] cheese - login => username:admin1,password:1234561
[2020-11-11T18:19:28.292] [DEBUG] cheese - admin1
[2020-11-11T18:19:28.294] [DEBUG] cheese - { inspect: [Function: inspect] }
[2020-11-11T18:19:28.294] [DEBUG] cheese - 查询失败
[2020-11-11T18:19:28.296] [DEBUG] cheese - { inspect: [Function: inspect] }
[2020-11-11T18:19:28.296] [DEBUG] cheese - 查询失败
[2020-11-11T18:19:28.298] [DEBUG] cheese - { inspect: [Function: inspect] }
[2020-11-11T18:19:28.298] [DEBUG] cheese - 查询失败
[2020-11-11T18:19:28.299] [DEBUG] cheese - { inspect: [Function: inspect] }
[2020-11-11T18:19:28.299] [DEBUG] cheese - 查询失败
[2020-11-11T18:19:28.301] [DEBUG] cheese - { inspect: [Function: inspect] }
[2020-11-11T18:19:28.301] [DEBUG] cheese - 查询失败
[2020-11-11T18:19:28.303] [DEBUG] cheese - login => username:admin1,password:1234561
[2020-11-11T18:19:28.304] [DEBUG] cheese - admin1
[2020-11-11T18:19:28.308] [DEBUG] cheese - login => username:admin1,password:123456
[2020-11-11T18:19:28.308] [DEBUG] cheese - admin1
[2020-11-11T18:19:28.313] [DEBUG] cheese - login => username:admin1,password:123456
[2020-11-11T18:19:28.313] [DEBUG] cheese - admin1
[2020-11-11T18:19:28.317] [DEBUG] cheese - login => username:admin1,password:123456
[2020-11-11T18:19:28.317] [DEBUG] cheese - admin1
[2020-11-11T18:19:28.322] [DEBUG] cheese - login => username:admin1,password:123456
[2020-11-11T18:19:28.322] [DEBUG] cheese - admin1
[2020-11-11T18:19:28.325] [DEBUG] cheese - { inspect: [Function: inspect] }
[2020-11-11T18:19:28.325] [DEBUG] cheese - 查询失败
[2020-11-11T18:19:28.335] [DEBUG] cheese - login => username:admin1,password:123456
[2020-11-11T18:19:28.335] [DEBUG] cheese - admin1
[2020-11-11T18:19:28.338] [DEBUG] cheese - { inspect: [Function: inspect] }
[2020-11-11T18:19:28.338] [DEBUG] cheese - 查询失败
[2020-11-11T18:19:28.341] [DEBUG] cheese - { inspect: [Function: inspect] }
[2020-11-11T18:19:28.341] [DEBUG] cheese - 查询失败
[2020-11-11T18:19:28.343] [DEBUG] cheese - { inspect: [Function: inspect] }
[2020-11-11T18:19:28.343] [DEBUG] cheese - 查询失败
[2020-11-11T18:19:28.345] [DEBUG] cheese - { inspect: [Function: inspect] }
[2020-11-11T18:19:28.345] [DEBUG] cheese - 查询失败
[2020-11-11T18:19:28.347] [DEBUG] cheese - { inspect: [Function: inspect] }
[2020-11-11T18:19:28.348] [DEBUG] cheese - 查询失败
[2020-11-11T18:19:28.352] [DEBUG] cheese - login => username:admin1,password:123456
[2020-11-11T18:19:28.353] [DEBUG] cheese - admin1
[2020-11-11T18:19:28.357] [DEBUG] cheese - { inspect: [Function: inspect] }
[2020-11-11T18:19:28.358] [DEBUG] cheese - 查询失败
[2020-11-11T18:19:28.361] [DEBUG] cheese - { inspect: [Function: inspect] }
[2020-11-11T18:19:28.361] [DEBUG] cheese - 查询失败
[2020-11-11T18:19:53.616] [DEBUG] cheese - login => username:admin1,password:1234567
[2020-11-11T18:19:53.619] [DEBUG] cheese - admin1
[2020-11-11T18:19:53.627] [DEBUG] cheese - { inspect: [Function: inspect] }
[2020-11-11T18:19:53.628] [DEBUG] cheese - 查询失败
[2020-11-11T18:20:01.128] [DEBUG] cheese - login => username:admin,password:1234567
[2020-11-11T18:20:01.129] [DEBUG] cheese - admin
[2020-11-11T18:20:01.132] [DEBUG] cheese - { inspect: [Function: inspect] }
[2020-11-11T18:20:01.132] [DEBUG] cheese - 查询失败
[2020-11-11T18:20:07.207] [DEBUG] cheese - login => username:admin,password:12345678
[2020-11-11T18:20:07.207] [DEBUG] cheese - admin
[2020-11-11T18:20:07.210] [DEBUG] cheese - { inspect: [Function: inspect] }
[2020-11-11T18:20:07.210] [DEBUG] cheese - 查询失败
[2020-11-11T18:28:50.982] [DEBUG] cheese - login => username:恶趣味,password:eq q eqw 
[2020-11-11T18:28:50.982] [DEBUG] cheese - 恶趣味
[2020-11-11T18:28:50.987] [DEBUG] cheese - { inspect: [Function: inspect] }
[2020-11-11T18:28:50.987] [DEBUG] cheese - 查询失败
[2020-11-11T18:28:54.452] [DEBUG] cheese - login => username:恶趣味俄顷,password:eq q eqw 
[2020-11-11T18:28:54.453] [DEBUG] cheese - 恶趣味俄顷
[2020-11-11T18:28:54.458] [DEBUG] cheese - { inspect: [Function: inspect] }
[2020-11-11T18:28:54.458] [DEBUG] cheese - 查询失败
[2020-11-11T18:28:56.417] [DEBUG] cheese - login => username:恶趣味俄顷,password:eq q eqw eq 
[2020-11-11T18:28:56.418] [DEBUG] cheese - 恶趣味俄顷
[2020-11-11T18:28:56.420] [DEBUG] cheese - { inspect: [Function: inspect] }
[2020-11-11T18:28:56.420] [DEBUG] cheese - 查询失败
[2020-11-11T18:28:58.567] [DEBUG] cheese - login => username:恶趣味俄顷全额,password:eq q eqw eq 
[2020-11-11T18:28:58.567] [DEBUG] cheese - 恶趣味俄顷全额
[2020-11-11T18:28:58.570] [DEBUG] cheese - { inspect: [Function: inspect] }
[2020-11-11T18:28:58.570] [DEBUG] cheese - 查询失败
[2020-11-11T18:29:06.190] [DEBUG] cheese - login => username:恶趣味俄顷全额,password:eq q eqw eq  
[2020-11-11T18:29:06.190] [DEBUG] cheese - 恶趣味俄顷全额
[2020-11-11T18:29:06.196] [DEBUG] cheese - { inspect: [Function: inspect] }
[2020-11-11T18:29:06.196] [DEBUG] cheese - 查询失败
[2020-11-11T18:29:21.318] [DEBUG] cheese - login => username:恶趣味俄顷全额,password:eq q eqw eq  
[2020-11-11T18:29:21.318] [DEBUG] cheese - 恶趣味俄顷全额
[2020-11-11T18:29:21.321] [DEBUG] cheese - { inspect: [Function: inspect] }
[2020-11-11T18:29:21.321] [DEBUG] cheese - 查询失败
[2020-11-11T18:30:12.065] [DEBUG] cheese - login => username:恶趣味,password:qwe qqweqw 
[2020-11-11T18:30:12.066] [DEBUG] cheese - 恶趣味
[2020-11-11T18:30:12.069] [DEBUG] cheese - { inspect: [Function: inspect] }
[2020-11-11T18:30:12.070] [DEBUG] cheese - 查询失败
[2020-11-11T18:30:14.566] [DEBUG] cheese - login => username:恶趣味,password:qwe qqweqw 
[2020-11-11T18:30:14.567] [DEBUG] cheese - 恶趣味
[2020-11-11T18:30:14.570] [DEBUG] cheese - { inspect: [Function: inspect] }
[2020-11-11T18:30:14.570] [DEBUG] cheese - 查询失败
[2020-11-11T18:30:16.231] [DEBUG] cheese - login => username:恶趣味,password:qwe qqweqw 
[2020-11-11T18:30:16.231] [DEBUG] cheese - 恶趣味
[2020-11-11T18:30:16.235] [DEBUG] cheese - { inspect: [Function: inspect] }
[2020-11-11T18:30:16.235] [DEBUG] cheese - 查询失败
[2020-11-11T18:30:19.003] [DEBUG] cheese - login => username:恶趣味恶趣味,password:qwe qqweqw 
[2020-11-11T18:30:19.003] [DEBUG] cheese - 恶趣味恶趣味
[2020-11-11T18:30:19.006] [DEBUG] cheese - { inspect: [Function: inspect] }
[2020-11-11T18:30:19.007] [DEBUG] cheese - 查询失败
[2020-11-11T18:30:25.353] [DEBUG] cheese - login => username:admin,password:123456
[2020-11-11T18:30:25.353] [DEBUG] cheese - admin
[2020-11-11T18:30:25.356] [DEBUG] cheese - { inspect: [Function: inspect] }
[2020-11-11T18:30:25.356] [DEBUG] cheese - 查询失败
[2020-11-11T18:31:17.858] [DEBUG] cheese - login => username:admin,password:123456
[2020-11-11T18:31:17.859] [DEBUG] cheese - admin
[2020-11-11T18:31:17.866] [DEBUG] cheese - { inspect: [Function: inspect] }
[2020-11-11T18:31:17.868] [DEBUG] cheese - 查询失败
[2020-11-11T18:39:04.993] [DEBUG] cheese - login => username:admin,password:123456
[2020-11-11T18:39:04.995] [DEBUG] cheese - admin
[2020-11-11T18:39:05.005] [DEBUG] cheese - { inspect: [Function: inspect] }
[2020-11-11T18:39:05.007] [DEBUG] cheese - 查询失败
[2020-11-11T18:41:09.367] [DEBUG] cheese - login => username:admin,password:123456
[2020-11-11T18:41:09.368] [DEBUG] cheese - admin
[2020-11-11T18:41:09.377] [DEBUG] cheese - null
[2020-11-11T18:41:09.378] [DEBUG] cheese - null
[2020-11-11T18:42:11.042] [DEBUG] cheese - login => username:admin,password:123456
[2020-11-11T18:42:11.042] [DEBUG] cheese - admin
[2020-11-11T18:42:11.047] [DEBUG] cheese - null
[2020-11-11T18:42:11.047] [DEBUG] cheese - null
[2020-11-11T18:42:12.291] [DEBUG] cheese - login => username:admin,password:123456
[2020-11-11T18:42:12.292] [DEBUG] cheese - admin
[2020-11-11T18:42:12.295] [DEBUG] cheese - null
[2020-11-11T18:42:12.295] [DEBUG] cheese - null
[2020-11-11T18:42:12.854] [DEBUG] cheese - login => username:admin,password:123456
[2020-11-11T18:42:12.854] [DEBUG] cheese - admin
[2020-11-11T18:42:12.857] [DEBUG] cheese - null
[2020-11-11T18:42:12.857] [DEBUG] cheese - null
[2020-11-11T18:42:13.060] [DEBUG] cheese - login => username:admin,password:123456
[2020-11-11T18:42:13.060] [DEBUG] cheese - admin
[2020-11-11T18:42:13.063] [DEBUG] cheese - null
[2020-11-11T18:42:13.063] [DEBUG] cheese - null
[2020-11-11T18:42:13.279] [DEBUG] cheese - login => username:admin,password:123456
[2020-11-11T18:42:13.280] [DEBUG] cheese - admin
[2020-11-11T18:42:13.283] [DEBUG] cheese - null
[2020-11-11T18:42:13.283] [DEBUG] cheese - null
[2020-11-11T18:42:13.466] [DEBUG] cheese - login => username:admin,password:123456
[2020-11-11T18:42:13.467] [DEBUG] cheese - admin
[2020-11-11T18:42:13.471] [DEBUG] cheese - null
[2020-11-11T18:42:13.471] [DEBUG] cheese - null
[2020-11-11T18:43:42.178] [DEBUG] cheese - login => username:admin,password:123456
[2020-11-11T18:43:42.178] [DEBUG] cheese - admin
[2020-11-11T18:43:42.183] [DEBUG] cheese - null
[2020-11-11T18:43:42.183] [DEBUG] cheese - null
[2020-11-11T18:48:12.339] [DEBUG] cheese - login => username:admin,password:123456
[2020-11-11T18:48:12.340] [DEBUG] cheese - admin
[2020-11-11T18:48:12.343] [DEBUG] cheese - null
[2020-11-11T18:48:12.343] [DEBUG] cheese - null
[2020-11-11T18:51:15.846] [DEBUG] cheese - login => username:admin,password:123456
[2020-11-11T18:51:15.846] [DEBUG] cheese - admin
[2020-11-11T18:51:15.850] [DEBUG] cheese - null
[2020-11-11T18:51:15.850] [DEBUG] cheese - null
[2020-11-11T18:52:41.761] [DEBUG] cheese - login => username:admin,password:123456
[2020-11-11T18:52:41.761] [DEBUG] cheese - admin
[2020-11-11T18:52:41.763] [DEBUG] cheese - null
[2020-11-11T18:52:41.763] [DEBUG] cheese - null
[2020-11-11T18:53:34.943] [DEBUG] cheese - login => username:admin,password:123456
[2020-11-11T18:53:34.943] [DEBUG] cheese - admin
[2020-11-11T18:53:34.947] [DEBUG] cheese - null
[2020-11-11T18:53:34.947] [DEBUG] cheese - null
[2020-11-11T18:55:31.512] [DEBUG] cheese - login => username:admin,password:123456
[2020-11-11T18:55:31.512] [DEBUG] cheese - admin
[2020-11-11T18:55:31.514] [DEBUG] cheese - null
[2020-11-11T18:55:31.514] [DEBUG] cheese - null
[2020-11-11T18:57:13.991] [DEBUG] cheese - login => username:admin,password:123456
[2020-11-11T18:57:13.992] [DEBUG] cheese - admin
[2020-11-11T18:57:13.998] [DEBUG] cheese - null
[2020-11-11T18:57:13.999] [DEBUG] cheese - null
[2020-11-11T19:00:33.341] [DEBUG] cheese - login => username:admin,password:123456
[2020-11-11T19:00:33.342] [DEBUG] cheese - admin
[2020-11-11T19:00:33.344] [DEBUG] cheese - null
[2020-11-11T19:00:33.344] [DEBUG] cheese - null
[2020-11-11T19:10:11.994] [DEBUG] cheese - login => username:admin,password:123456
[2020-11-11T19:10:11.997] [DEBUG] cheese - admin
[2020-11-11T19:10:12.000] [DEBUG] cheese - null
[2020-11-11T19:10:12.000] [DEBUG] cheese - null
[2020-11-11T19:10:43.975] [DEBUG] cheese - login => username:admin,password:123456
[2020-11-11T19:10:43.975] [DEBUG] cheese - admin
[2020-11-11T19:10:43.977] [DEBUG] cheese - null
[2020-11-11T19:10:43.977] [DEBUG] cheese - null
[2020-11-11T19:12:12.747] [DEBUG] cheese - login => username:admin,password:123456
[2020-11-11T19:12:12.748] [DEBUG] cheese - admin
[2020-11-11T19:12:12.750] [DEBUG] cheese - null
[2020-11-11T19:12:12.750] [DEBUG] cheese - null
[2020-11-11T19:14:13.641] [DEBUG] cheese - login => username:admin,password:123456
[2020-11-11T19:14:13.641] [DEBUG] cheese - admin
[2020-11-11T19:14:13.645] [DEBUG] cheese - null
[2020-11-11T19:14:13.645] [DEBUG] cheese - null
[2020-11-11T19:16:05.159] [DEBUG] cheese - login => username:admin,password:123456
[2020-11-11T19:16:05.159] [DEBUG] cheese - admin
[2020-11-11T19:16:05.162] [DEBUG] cheese - null
[2020-11-11T19:16:05.162] [DEBUG] cheese - null
[2020-11-11T19:21:13.662] [DEBUG] cheese - login => username:admin,password:123456
[2020-11-11T19:21:13.663] [DEBUG] cheese - admin
[2020-11-11T19:21:13.667] [DEBUG] cheese - null
[2020-11-11T19:21:13.667] [DEBUG] cheese - null
[2020-11-11T19:24:18.788] [DEBUG] cheese - login => username:admin,password:123456
[2020-11-11T19:24:18.788] [DEBUG] cheese - admin
[2020-11-11T19:24:18.790] [DEBUG] cheese - null
[2020-11-11T19:24:18.790] [DEBUG] cheese - null
[2020-11-11T19:27:36.453] [DEBUG] cheese - login => username:admin,password:123456
[2020-11-11T19:27:36.453] [DEBUG] cheese - admin
[2020-11-11T19:27:36.457] [DEBUG] cheese - null
[2020-11-11T19:27:36.457] [DEBUG] cheese - null
[2020-11-11T19:51:47.813] [DEBUG] cheese - login => username:admin,password:123456
[2020-11-11T19:51:47.813] [DEBUG] cheese - admin
[2020-11-11T19:51:47.816] [DEBUG] cheese - null
[2020-11-11T19:51:47.816] [DEBUG] cheese - null
[2020-11-11T19:56:16.152] [DEBUG] cheese - login => username:admin,password:123456
[2020-11-11T19:56:16.152] [DEBUG] cheese - admin
[2020-11-11T19:56:16.154] [DEBUG] cheese - null
[2020-11-11T19:56:16.154] [DEBUG] cheese - null
[2020-11-11T20:27:19.686] [DEBUG] cheese - login => username:admin,password:123456
[2020-11-11T20:27:19.687] [DEBUG] cheese - admin
[2020-11-11T20:27:19.694] [DEBUG] cheese - null
[2020-11-11T20:27:19.694] [DEBUG] cheese - null
[2020-11-11T20:27:24.131] [DEBUG] cheese - login => username:admin,password:123456
[2020-11-11T20:27:24.131] [DEBUG] cheese - admin
[2020-11-11T20:27:24.134] [DEBUG] cheese - null
[2020-11-11T20:27:24.134] [DEBUG] cheese - null
[2020-11-11T20:54:16.151] [DEBUG] cheese - login => username:admin,password:123456
[2020-11-11T20:54:16.151] [DEBUG] cheese - admin
[2020-11-11T20:54:16.166] [DEBUG] cheese - null
[2020-11-11T20:54:16.166] [DEBUG] cheese - null
[2020-11-11T21:00:34.726] [DEBUG] cheese - login => username:admin,password:123456
[2020-11-11T21:00:34.727] [DEBUG] cheese - admin
[2020-11-11T21:00:34.741] [DEBUG] cheese - null
[2020-11-11T21:00:34.741] [DEBUG] cheese - null
[2020-11-11T21:01:21.861] [DEBUG] cheese - login => username:admin,password:123456
[2020-11-11T21:01:21.862] [DEBUG] cheese - admin
[2020-11-11T21:01:21.867] [DEBUG] cheese - null
[2020-11-11T21:01:21.867] [DEBUG] cheese - null
[2020-11-11T22:00:49.321] [DEBUG] cheese - login => username:admin,password:1234562
[2020-11-11T22:00:49.321] [DEBUG] cheese - admin
[2020-11-11T22:00:49.333] [DEBUG] cheese - null
[2020-11-11T22:00:49.333] [DEBUG] cheese - null
[2020-11-11T22:00:54.644] [DEBUG] cheese - login => username:admin,password:1ewqqce
[2020-11-11T22:00:54.644] [DEBUG] cheese - admin
[2020-11-11T22:00:54.646] [DEBUG] cheese - null
[2020-11-11T22:00:54.646] [DEBUG] cheese - null
[2020-11-11T22:01:00.255] [DEBUG] cheese - login => username:admin,password:1ewqqceqwc
[2020-11-11T22:01:00.255] [DEBUG] cheese - admin
[2020-11-11T22:01:00.259] [DEBUG] cheese - null
[2020-11-11T22:01:00.259] [DEBUG] cheese - null
[2020-11-11T22:01:02.576] [DEBUG] cheese - login => username:admin,password:1ewqqceqwcwqe 
[2020-11-11T22:01:02.576] [DEBUG] cheese - admin
[2020-11-11T22:01:02.578] [DEBUG] cheese - null
[2020-11-11T22:01:02.578] [DEBUG] cheese - null
[2020-11-11T22:01:12.509] [DEBUG] cheese - login => username:admin,password:123456
[2020-11-11T22:01:12.509] [DEBUG] cheese - admin
[2020-11-11T22:01:12.511] [DEBUG] cheese - null
[2020-11-11T22:01:12.511] [DEBUG] cheese - null
[2020-11-11T22:19:24.255] [DEBUG] cheese - login => username:admin,password:123456
[2020-11-11T22:19:24.255] [DEBUG] cheese - admin
[2020-11-11T22:19:24.260] [DEBUG] cheese - null
[2020-11-11T22:19:24.261] [DEBUG] cheese - null
[2020-11-11T22:20:38.839] [DEBUG] cheese - login => username:admin,password:123456
[2020-11-11T22:20:38.839] [DEBUG] cheese - admin
[2020-11-11T22:20:38.842] [DEBUG] cheese - null
[2020-11-11T22:20:38.842] [DEBUG] cheese - null
[2020-11-11T22:50:00.616] [DEBUG] cheese - login => username:admin,password:123456
[2020-11-11T22:50:00.616] [DEBUG] cheese - admin
[2020-11-11T22:50:00.624] [DEBUG] cheese - null
[2020-11-11T22:50:00.624] [DEBUG] cheese - null
[2020-11-11T22:50:04.823] [DEBUG] cheese - login => username:admin,password:123456
[2020-11-11T22:50:04.824] [DEBUG] cheese - admin
[2020-11-11T22:50:04.826] [DEBUG] cheese - null
[2020-11-11T22:50:04.826] [DEBUG] cheese - null
[2020-11-11T22:50:15.743] [DEBUG] cheese - login => username:admin,password:123456
[2020-11-11T22:50:15.743] [DEBUG] cheese - admin
[2020-11-11T22:50:15.746] [DEBUG] cheese - null
[2020-11-11T22:50:15.746] [DEBUG] cheese - null
[2020-11-11T22:50:18.730] [DEBUG] cheese - login => username:admin,password:123456
[2020-11-11T22:50:18.730] [DEBUG] cheese - admin
[2020-11-11T22:50:18.732] [DEBUG] cheese - null
[2020-11-11T22:50:18.732] [DEBUG] cheese - null
[2020-11-11T23:01:10.907] [DEBUG] cheese - login => username:admin,password:123456
[2020-11-11T23:01:10.907] [DEBUG] cheese - admin
[2020-11-11T23:01:10.912] [DEBUG] cheese - null
[2020-11-11T23:01:10.912] [DEBUG] cheese - null
[2020-11-11T23:03:28.914] [DEBUG] cheese - login => username:admin,password:123456
[2020-11-11T23:03:28.914] [DEBUG] cheese - admin
[2020-11-11T23:03:28.916] [DEBUG] cheese - null
[2020-11-11T23:03:28.917] [DEBUG] cheese - null
[2020-11-11T23:15:27.691] [DEBUG] cheese - login => username:admin,password:123456
[2020-11-11T23:15:27.691] [DEBUG] cheese - admin
[2020-11-11T23:15:27.695] [DEBUG] cheese - null
[2020-11-11T23:15:27.695] [DEBUG] cheese - null
[2020-11-11T23:16:54.098] [DEBUG] cheese - login => username:admin,password:123456
[2020-11-11T23:16:54.098] [DEBUG] cheese - admin
[2020-11-11T23:16:54.101] [DEBUG] cheese - null
[2020-11-11T23:16:54.101] [DEBUG] cheese - null
[2020-11-11T23:18:13.189] [DEBUG] cheese - login => username:admin,password:123456
[2020-11-11T23:18:13.189] [DEBUG] cheese - admin
[2020-11-11T23:18:13.193] [DEBUG] cheese - null
[2020-11-11T23:18:13.193] [DEBUG] cheese - null
[2020-11-11T23:18:55.237] [DEBUG] cheese - login => username:admin,password:123456
[2020-11-11T23:18:55.237] [DEBUG] cheese - admin
[2020-11-11T23:18:55.239] [DEBUG] cheese - null
[2020-11-11T23:18:55.239] [DEBUG] cheese - null
[2020-11-12T01:12:25.909] [DEBUG] cheese - login => username:admin,password:123456
[2020-11-12T01:12:25.909] [DEBUG] cheese - admin
[2020-11-12T01:12:25.912] [DEBUG] cheese - null
[2020-11-12T01:12:25.912] [DEBUG] cheese - null
[2020-11-12T01:12:27.268] [DEBUG] cheese - login => username:admin,password:123456
[2020-11-12T01:12:27.268] [DEBUG] cheese - admin
[2020-11-12T01:12:27.271] [DEBUG] cheese - null
[2020-11-12T01:12:27.271] [DEBUG] cheese - null
[2020-11-12T01:12:27.803] [DEBUG] cheese - login => username:admin,password:123456
[2020-11-12T01:12:27.803] [DEBUG] cheese - admin
[2020-11-12T01:12:27.805] [DEBUG] cheese - null
[2020-11-12T01:12:27.805] [DEBUG] cheese - null
[2020-11-12T01:12:28.419] [DEBUG] cheese - login => username:admin,password:123456
[2020-11-12T01:12:28.419] [DEBUG] cheese - admin
[2020-11-12T01:12:28.422] [DEBUG] cheese - null
[2020-11-12T01:12:28.422] [DEBUG] cheese - null
[2020-11-12T01:12:35.362] [DEBUG] cheese - login => username:admin,password:123456
[2020-11-12T01:12:35.362] [DEBUG] cheese - admin
[2020-11-12T01:12:35.369] [DEBUG] cheese - null
[2020-11-12T01:12:35.369] [DEBUG] cheese - null
[2020-11-12T01:12:35.902] [DEBUG] cheese - login => username:admin,password:123456
[2020-11-12T01:12:35.903] [DEBUG] cheese - admin
[2020-11-12T01:12:35.906] [DEBUG] cheese - null
[2020-11-12T01:12:35.906] [DEBUG] cheese - null
[2020-11-12T01:12:36.116] [DEBUG] cheese - login => username:admin,password:123456
[2020-11-12T01:12:36.116] [DEBUG] cheese - admin
[2020-11-12T01:12:36.121] [DEBUG] cheese - null
[2020-11-12T01:12:36.121] [DEBUG] cheese - null
[2020-11-12T01:12:36.312] [DEBUG] cheese - login => username:admin,password:123456
[2020-11-12T01:12:36.312] [DEBUG] cheese - admin
[2020-11-12T01:12:36.318] [DEBUG] cheese - null
[2020-11-12T01:12:36.318] [DEBUG] cheese - null
[2020-11-12T01:12:36.502] [DEBUG] cheese - login => username:admin,password:123456
[2020-11-12T01:12:36.502] [DEBUG] cheese - admin
[2020-11-12T01:12:36.509] [DEBUG] cheese - null
[2020-11-12T01:12:36.509] [DEBUG] cheese - null
[2020-11-12T01:13:12.627] [DEBUG] cheese - login => username:admin,password:123456
[2020-11-12T01:13:12.627] [DEBUG] cheese - admin
[2020-11-12T01:13:12.631] [DEBUG] cheese - null
[2020-11-12T01:13:12.631] [DEBUG] cheese - null
[2020-11-12T01:14:08.432] [DEBUG] cheese - login => username:admin,password:123456
[2020-11-12T01:14:08.433] [DEBUG] cheese - admin
[2020-11-12T01:14:08.437] [DEBUG] cheese - null
[2020-11-12T01:14:08.437] [DEBUG] cheese - null
[2020-11-12T01:14:09.699] [DEBUG] cheese - login => username:admin,password:123456
[2020-11-12T01:14:09.699] [DEBUG] cheese - admin
[2020-11-12T01:14:09.702] [DEBUG] cheese - null
[2020-11-12T01:14:09.703] [DEBUG] cheese - null
[2020-11-12T01:14:09.906] [DEBUG] cheese - login => username:admin,password:123456
[2020-11-12T01:14:09.906] [DEBUG] cheese - admin
[2020-11-12T01:14:09.911] [DEBUG] cheese - null
[2020-11-12T01:14:09.911] [DEBUG] cheese - null
[2020-11-12T01:14:10.104] [DEBUG] cheese - login => username:admin,password:123456
[2020-11-12T01:14:10.105] [DEBUG] cheese - admin
[2020-11-12T01:14:10.109] [DEBUG] cheese - null
[2020-11-12T01:14:10.109] [DEBUG] cheese - null
[2020-11-12T01:14:10.289] [DEBUG] cheese - login => username:admin,password:123456
[2020-11-12T01:14:10.289] [DEBUG] cheese - admin
[2020-11-12T01:14:10.294] [DEBUG] cheese - null
[2020-11-12T01:14:10.294] [DEBUG] cheese - null
[2020-11-12T01:14:10.508] [DEBUG] cheese - login => username:admin,password:123456
[2020-11-12T01:14:10.509] [DEBUG] cheese - admin
[2020-11-12T01:14:10.515] [DEBUG] cheese - null
[2020-11-12T01:14:10.515] [DEBUG] cheese - null
[2020-11-12T01:14:12.246] [DEBUG] cheese - login => username:admin,password:123456
[2020-11-12T01:14:12.246] [DEBUG] cheese - admin
[2020-11-12T01:14:12.249] [DEBUG] cheese - null
[2020-11-12T01:14:12.249] [DEBUG] cheese - null
[2020-11-12T01:17:48.310] [DEBUG] cheese - login => username:admin,password:123456
[2020-11-12T01:17:48.310] [DEBUG] cheese - admin
[2020-11-12T01:17:48.322] [DEBUG] cheese - null
[2020-11-12T01:17:48.322] [DEBUG] cheese - null
[2020-11-12T01:17:49.123] [DEBUG] cheese - login => username:admin,password:123456
[2020-11-12T01:17:49.124] [DEBUG] cheese - admin
[2020-11-12T01:17:49.127] [DEBUG] cheese - null
[2020-11-12T01:17:49.128] [DEBUG] cheese - null
[2020-11-12T01:17:49.387] [DEBUG] cheese - login => username:admin,password:123456
[2020-11-12T01:17:49.388] [DEBUG] cheese - admin
[2020-11-12T01:17:49.392] [DEBUG] cheese - null
[2020-11-12T01:17:49.392] [DEBUG] cheese - null
[2020-11-12T01:17:49.639] [DEBUG] cheese - login => username:admin,password:123456
[2020-11-12T01:17:49.639] [DEBUG] cheese - admin
[2020-11-12T01:17:49.645] [DEBUG] cheese - null
[2020-11-12T01:17:49.645] [DEBUG] cheese - null
[2020-11-12T01:17:49.875] [DEBUG] cheese - login => username:admin,password:123456
[2020-11-12T01:17:49.875] [DEBUG] cheese - admin
[2020-11-12T01:17:49.889] [DEBUG] cheese - null
[2020-11-12T01:17:49.889] [DEBUG] cheese - null
[2020-11-12T01:17:55.239] [DEBUG] cheese - login => username:admin,password:123456
[2020-11-12T01:17:55.239] [DEBUG] cheese - admin
[2020-11-12T01:17:55.253] [DEBUG] cheese - null
[2020-11-12T01:17:55.254] [DEBUG] cheese - null
[2020-11-12T01:17:55.474] [DEBUG] cheese - login => username:admin,password:123456
[2020-11-12T01:17:55.475] [DEBUG] cheese - admin
[2020-11-12T01:17:55.481] [DEBUG] cheese - null
[2020-11-12T01:17:55.481] [DEBUG] cheese - null
[2020-11-12T01:17:55.678] [DEBUG] cheese - login => username:admin,password:123456
[2020-11-12T01:17:55.679] [DEBUG] cheese - admin
[2020-11-12T01:17:55.685] [DEBUG] cheese - null
[2020-11-12T01:17:55.686] [DEBUG] cheese - null
[2020-11-12T01:17:55.850] [DEBUG] cheese - login => username:admin,password:123456
[2020-11-12T01:17:55.850] [DEBUG] cheese - admin
[2020-11-12T01:17:55.854] [DEBUG] cheese - null
[2020-11-12T01:17:55.854] [DEBUG] cheese - null
[2020-11-12T01:17:56.021] [DEBUG] cheese - login => username:admin,password:123456
[2020-11-12T01:17:56.021] [DEBUG] cheese - admin
[2020-11-12T01:17:56.025] [DEBUG] cheese - null
[2020-11-12T01:17:56.025] [DEBUG] cheese - null
[2020-11-12T01:18:25.967] [DEBUG] cheese - login => username:admin,password:123456
[2020-11-12T01:18:25.969] [DEBUG] cheese - admin
[2020-11-12T01:18:25.973] [DEBUG] cheese - null
[2020-11-12T01:18:25.973] [DEBUG] cheese - null
[2020-11-12T01:18:26.511] [DEBUG] cheese - login => username:admin,password:123456
[2020-11-12T01:18:26.512] [DEBUG] cheese - admin
[2020-11-12T01:18:26.515] [DEBUG] cheese - null
[2020-11-12T01:18:26.515] [DEBUG] cheese - null
[2020-11-12T01:18:34.233] [DEBUG] cheese - login => username:admin,password:123456
[2020-11-12T01:18:34.234] [DEBUG] cheese - admin
[2020-11-12T01:18:34.238] [DEBUG] cheese - null
[2020-11-12T01:18:34.238] [DEBUG] cheese - null
[2020-11-12T01:18:34.763] [DEBUG] cheese - login => username:admin,password:123456
[2020-11-12T01:18:34.764] [DEBUG] cheese - admin
[2020-11-12T01:18:34.766] [DEBUG] cheese - null
[2020-11-12T01:18:34.766] [DEBUG] cheese - null
[2020-11-12T01:18:34.960] [DEBUG] cheese - login => username:admin,password:123456
[2020-11-12T01:18:34.960] [DEBUG] cheese - admin
[2020-11-12T01:18:34.964] [DEBUG] cheese - null
[2020-11-12T01:18:34.964] [DEBUG] cheese - null
[2020-11-12T01:20:12.735] [DEBUG] cheese - login => username:admin,password:123456
[2020-11-12T01:20:12.736] [DEBUG] cheese - admin
[2020-11-12T01:20:12.741] [DEBUG] cheese - null
[2020-11-12T01:20:12.741] [DEBUG] cheese - null
[2020-11-12T01:20:13.565] [DEBUG] cheese - login => username:admin,password:123456
[2020-11-12T01:20:13.565] [DEBUG] cheese - admin
[2020-11-12T01:20:13.567] [DEBUG] cheese - null
[2020-11-12T01:20:13.568] [DEBUG] cheese - null
[2020-11-12T01:20:13.783] [DEBUG] cheese - login => username:admin,password:123456
[2020-11-12T01:20:13.784] [DEBUG] cheese - admin
[2020-11-12T01:20:13.788] [DEBUG] cheese - null
[2020-11-12T01:20:13.788] [DEBUG] cheese - null
[2020-11-12T01:20:13.962] [DEBUG] cheese - login => username:admin,password:123456
[2020-11-12T01:20:13.963] [DEBUG] cheese - admin
[2020-11-12T01:20:13.968] [DEBUG] cheese - null
[2020-11-12T01:20:13.969] [DEBUG] cheese - null
[2020-11-12T01:20:14.160] [DEBUG] cheese - login => username:admin,password:123456
[2020-11-12T01:20:14.161] [DEBUG] cheese - admin
[2020-11-12T01:20:14.170] [DEBUG] cheese - null
[2020-11-12T01:20:14.170] [DEBUG] cheese - null
[2020-11-12T01:24:08.591] [DEBUG] cheese - login => username:admin,password:123456
[2020-11-12T01:24:08.591] [DEBUG] cheese - admin
[2020-11-12T01:24:08.593] [DEBUG] cheese - null
[2020-11-12T01:24:08.593] [DEBUG] cheese - null
[2020-11-12T01:24:09.732] [DEBUG] cheese - login => username:admin,password:123456
[2020-11-12T01:24:09.732] [DEBUG] cheese - admin
[2020-11-12T01:24:09.733] [DEBUG] cheese - null
[2020-11-12T01:24:09.734] [DEBUG] cheese - null
[2020-11-12T01:24:09.985] [DEBUG] cheese - login => username:admin,password:123456
[2020-11-12T01:24:09.985] [DEBUG] cheese - admin
[2020-11-12T01:24:09.990] [DEBUG] cheese - null
[2020-11-12T01:24:09.991] [DEBUG] cheese - null
[2020-11-12T01:24:10.196] [DEBUG] cheese - login => username:admin,password:123456
[2020-11-12T01:24:10.196] [DEBUG] cheese - admin
[2020-11-12T01:24:10.199] [DEBUG] cheese - null
[2020-11-12T01:24:10.199] [DEBUG] cheese - null
[2020-11-12T01:24:10.370] [DEBUG] cheese - login => username:admin,password:123456
[2020-11-12T01:24:10.370] [DEBUG] cheese - admin
[2020-11-12T01:24:10.376] [DEBUG] cheese - null
[2020-11-12T01:24:10.376] [DEBUG] cheese - null
[2020-11-12T01:24:39.924] [DEBUG] cheese - login => username:admin,password:123456
[2020-11-12T01:24:39.925] [DEBUG] cheese - admin
[2020-11-12T01:24:39.930] [DEBUG] cheese - null
[2020-11-12T01:24:39.930] [DEBUG] cheese - null
[2020-11-12T01:24:41.107] [DEBUG] cheese - login => username:admin,password:123456
[2020-11-12T01:24:41.107] [DEBUG] cheese - admin
[2020-11-12T01:24:41.110] [DEBUG] cheese - null
[2020-11-12T01:24:41.110] [DEBUG] cheese - null
[2020-11-12T01:24:41.385] [DEBUG] cheese - login => username:admin,password:123456
[2020-11-12T01:24:41.385] [DEBUG] cheese - admin
[2020-11-12T01:24:41.388] [DEBUG] cheese - null
[2020-11-12T01:24:41.389] [DEBUG] cheese - null
[2020-11-12T01:24:41.603] [DEBUG] cheese - login => username:admin,password:123456
[2020-11-12T01:24:41.603] [DEBUG] cheese - admin
[2020-11-12T01:24:41.610] [DEBUG] cheese - null
[2020-11-12T01:24:41.610] [DEBUG] cheese - null
[2020-11-12T01:24:56.269] [DEBUG] cheese - login => username:admin,password:123456
[2020-11-12T01:24:56.269] [DEBUG] cheese - admin
[2020-11-12T01:24:56.272] [DEBUG] cheese - null
[2020-11-12T01:24:56.272] [DEBUG] cheese - null
[2020-11-12T01:24:56.870] [DEBUG] cheese - login => username:admin,password:123456
[2020-11-12T01:24:56.870] [DEBUG] cheese - admin
[2020-11-12T01:24:56.872] [DEBUG] cheese - null
[2020-11-12T01:24:56.872] [DEBUG] cheese - null
[2020-11-12T01:24:57.190] [DEBUG] cheese - login => username:admin,password:123456
[2020-11-12T01:24:57.190] [DEBUG] cheese - admin
[2020-11-12T01:24:57.197] [DEBUG] cheese - null
[2020-11-12T01:24:57.197] [DEBUG] cheese - null
[2020-11-12T01:24:57.433] [DEBUG] cheese - login => username:admin,password:123456
[2020-11-12T01:24:57.433] [DEBUG] cheese - admin
[2020-11-12T01:24:57.437] [DEBUG] cheese - null
[2020-11-12T01:24:57.437] [DEBUG] cheese - null
[2020-11-12T01:24:57.630] [DEBUG] cheese - login => username:admin,password:123456
[2020-11-12T01:24:57.631] [DEBUG] cheese - admin
[2020-11-12T01:24:57.635] [DEBUG] cheese - null
[2020-11-12T01:24:57.635] [DEBUG] cheese - null
[2020-11-12T01:24:57.804] [DEBUG] cheese - login => username:admin,password:123456
[2020-11-12T01:24:57.804] [DEBUG] cheese - admin
[2020-11-12T01:24:57.807] [DEBUG] cheese - null
[2020-11-12T01:24:57.807] [DEBUG] cheese - null
[2020-11-12T01:25:48.623] [DEBUG] cheese - login => username:admin,password:123456
[2020-11-12T01:25:48.624] [DEBUG] cheese - admin
[2020-11-12T01:25:48.626] [DEBUG] cheese - null
[2020-11-12T01:25:48.626] [DEBUG] cheese - null
[2020-11-12T01:25:50.788] [DEBUG] cheese - login => username:admin,password:123456
[2020-11-12T01:25:50.788] [DEBUG] cheese - admin
[2020-11-12T01:25:50.790] [DEBUG] cheese - null
[2020-11-12T01:25:50.790] [DEBUG] cheese - null
[2020-11-12T01:25:54.448] [DEBUG] cheese - login => username:admin,password:123456
[2020-11-12T01:25:54.448] [DEBUG] cheese - admin
[2020-11-12T01:25:54.451] [DEBUG] cheese - null
[2020-11-12T01:25:54.451] [DEBUG] cheese - null
[2020-11-12T01:25:55.431] [DEBUG] cheese - login => username:admin,password:123456
[2020-11-12T01:25:55.431] [DEBUG] cheese - admin
[2020-11-12T01:25:55.436] [DEBUG] cheese - null
[2020-11-12T01:25:55.437] [DEBUG] cheese - null
[2020-11-12T01:25:55.805] [DEBUG] cheese - login => username:admin,password:123456
[2020-11-12T01:25:55.806] [DEBUG] cheese - admin
[2020-11-12T01:25:55.808] [DEBUG] cheese - null
[2020-11-12T01:25:55.808] [DEBUG] cheese - null
[2020-11-12T01:25:55.997] [DEBUG] cheese - login => username:admin,password:123456
[2020-11-12T01:25:55.997] [DEBUG] cheese - admin
[2020-11-12T01:25:56.004] [DEBUG] cheese - null
[2020-11-12T01:25:56.004] [DEBUG] cheese - null
[2020-11-12T01:25:56.178] [DEBUG] cheese - login => username:admin,password:123456
[2020-11-12T01:25:56.178] [DEBUG] cheese - admin
[2020-11-12T01:25:56.181] [DEBUG] cheese - null
[2020-11-12T01:25:56.181] [DEBUG] cheese - null
[2020-11-12T01:25:56.371] [DEBUG] cheese - login => username:admin,password:123456
[2020-11-12T01:25:56.371] [DEBUG] cheese - admin
[2020-11-12T01:25:56.374] [DEBUG] cheese - null
[2020-11-12T01:25:56.374] [DEBUG] cheese - null
[2020-11-12T01:25:56.541] [DEBUG] cheese - login => username:admin,password:123456
[2020-11-12T01:25:56.542] [DEBUG] cheese - admin
[2020-11-12T01:25:56.544] [DEBUG] cheese - null
[2020-11-12T01:25:56.544] [DEBUG] cheese - null
[2020-11-12T01:25:56.732] [DEBUG] cheese - login => username:admin,password:123456
[2020-11-12T01:25:56.732] [DEBUG] cheese - admin
[2020-11-12T01:25:56.737] [DEBUG] cheese - null
[2020-11-12T01:25:56.738] [DEBUG] cheese - null
[2020-11-12T01:25:58.774] [DEBUG] cheese - login => username:admin,password:123456
[2020-11-12T01:25:58.774] [DEBUG] cheese - admin
[2020-11-12T01:25:58.778] [DEBUG] cheese - null
[2020-11-12T01:25:58.778] [DEBUG] cheese - null
[2020-11-12T01:25:58.990] [DEBUG] cheese - login => username:admin,password:123456
[2020-11-12T01:25:58.990] [DEBUG] cheese - admin
[2020-11-12T01:25:58.993] [DEBUG] cheese - null
[2020-11-12T01:25:58.993] [DEBUG] cheese - null
[2020-11-12T01:26:31.185] [DEBUG] cheese - login => username:admin,password:123456
[2020-11-12T01:26:31.186] [DEBUG] cheese - admin
[2020-11-12T01:26:31.195] [DEBUG] cheese - null
[2020-11-12T01:26:31.196] [DEBUG] cheese - null
[2020-11-12T01:29:58.030] [DEBUG] cheese - login => username:admin,password:123456
[2020-11-12T01:29:58.030] [DEBUG] cheese - admin
[2020-11-12T01:29:58.035] [DEBUG] cheese - null
[2020-11-12T01:29:58.035] [DEBUG] cheese - null
[2020-11-12T01:29:58.954] [DEBUG] cheese - login => username:admin,password:123456
[2020-11-12T01:29:58.954] [DEBUG] cheese - admin
[2020-11-12T01:29:58.958] [DEBUG] cheese - null
[2020-11-12T01:29:58.958] [DEBUG] cheese - null
[2020-11-12T01:29:59.228] [DEBUG] cheese - login => username:admin,password:123456
[2020-11-12T01:29:59.229] [DEBUG] cheese - admin
[2020-11-12T01:29:59.233] [DEBUG] cheese - null
[2020-11-12T01:29:59.233] [DEBUG] cheese - null
[2020-11-12T01:29:59.429] [DEBUG] cheese - login => username:admin,password:123456
[2020-11-12T01:29:59.429] [DEBUG] cheese - admin
[2020-11-12T01:29:59.434] [DEBUG] cheese - null
[2020-11-12T01:29:59.434] [DEBUG] cheese - null
[2020-11-12T01:30:28.233] [DEBUG] cheese - login => username:admin,password:123456
[2020-11-12T01:30:28.233] [DEBUG] cheese - admin
[2020-11-12T01:30:28.236] [DEBUG] cheese - null
[2020-11-12T01:30:28.237] [DEBUG] cheese - null
[2020-11-12T01:31:24.537] [DEBUG] cheese - login => username:admin,password:123456
[2020-11-12T01:31:24.538] [DEBUG] cheese - admin
[2020-11-12T01:31:24.541] [DEBUG] cheese - null
[2020-11-12T01:31:24.541] [DEBUG] cheese - null
[2020-11-12T01:36:06.776] [DEBUG] cheese - login => username:admin,password:123456
[2020-11-12T01:36:06.777] [DEBUG] cheese - admin
[2020-11-12T01:36:06.780] [DEBUG] cheese - null
[2020-11-12T01:36:06.780] [DEBUG] cheese - null
[2020-11-12T01:37:02.517] [DEBUG] cheese - login => username:admin,password:123456
[2020-11-12T01:37:02.517] [DEBUG] cheese - admin
[2020-11-12T01:37:02.521] [DEBUG] cheese - null
[2020-11-12T01:37:02.521] [DEBUG] cheese - null
[2020-11-12T01:37:10.206] [DEBUG] cheese - login => username:admin,password:123456
[2020-11-12T01:37:10.206] [DEBUG] cheese - admin
[2020-11-12T01:37:10.209] [DEBUG] cheese - null
[2020-11-12T01:37:10.209] [DEBUG] cheese - null
[2020-11-12T01:38:13.572] [DEBUG] cheese - login => username:admin,password:123456
[2020-11-12T01:38:13.573] [DEBUG] cheese - admin
[2020-11-12T01:38:13.576] [DEBUG] cheese - null
[2020-11-12T01:38:13.576] [DEBUG] cheese - null
[2020-11-12T01:40:20.169] [DEBUG] cheese - login => username:admin,password:123456
[2020-11-12T01:40:20.169] [DEBUG] cheese - admin
[2020-11-12T01:40:20.173] [DEBUG] cheese - null
[2020-11-12T01:40:20.173] [DEBUG] cheese - null
[2020-11-12T13:51:51.344] [DEBUG] cheese - login => username:admin,password:123456
[2020-11-12T13:51:51.346] [DEBUG] cheese - admin
[2020-11-12T13:51:51.363] [DEBUG] cheese - null
[2020-11-12T13:51:51.364] [DEBUG] cheese - null
[2020-11-12T15:15:38.897] [DEBUG] cheese - login => username:pezihan,password:123456
[2020-11-12T15:15:38.898] [DEBUG] cheese - pezihan
[2020-11-12T15:15:38.900] [DEBUG] cheese - null
[2020-11-12T15:15:38.901] [DEBUG] cheese - null
[2020-11-12T15:15:43.179] [DEBUG] cheese - login => username:pezihan,password:123456
[2020-11-12T15:15:43.179] [DEBUG] cheese - pezihan
[2020-11-12T15:15:43.181] [DEBUG] cheese - null
[2020-11-12T15:15:43.181] [DEBUG] cheese - null
[2020-11-12T15:15:48.850] [DEBUG] cheese - login => username:admin,password:123456
[2020-11-12T15:15:48.850] [DEBUG] cheese - admin
[2020-11-12T15:15:48.852] [DEBUG] cheese - null
[2020-11-12T15:15:48.852] [DEBUG] cheese - null
[2020-11-12T15:17:02.763] [DEBUG] cheese - login => username:admin,password:123456
[2020-11-12T15:17:02.763] [DEBUG] cheese - admin
[2020-11-12T15:17:02.767] [DEBUG] cheese - null
[2020-11-12T15:17:02.767] [DEBUG] cheese - null
[2020-11-12T17:51:55.672] [DEBUG] cheese - login => username:admin,password:123456
[2020-11-12T17:51:55.675] [DEBUG] cheese - admin
[2020-11-12T17:51:55.680] [DEBUG] cheese - null
[2020-11-12T17:51:55.680] [DEBUG] cheese - null
[2020-11-12T17:53:49.781] [DEBUG] cheese - login => username:admin,password:123456
[2020-11-12T17:53:49.782] [DEBUG] cheese - admin
[2020-11-12T17:53:49.786] [DEBUG] cheese - null
[2020-11-12T17:53:49.786] [DEBUG] cheese - null
[2020-11-12T19:35:14.266] [DEBUG] cheese - null
[2020-11-12T19:37:36.655] [DEBUG] cheese - null
[2020-11-12T19:40:45.886] [DEBUG] cheese - null
[2020-11-12T19:40:51.369] [DEBUG] cheese - null
[2020-11-12T19:42:12.296] [DEBUG] cheese - null
[2020-11-13T00:04:51.749] [DEBUG] cheese - null
[2020-11-13T00:04:55.271] [DEBUG] cheese - null
[2020-11-13T00:04:58.433] [DEBUG] cheese - null
[2020-11-13T00:16:02.464] [DEBUG] cheese - login => username:admin,password:123456
[2020-11-13T00:16:02.464] [DEBUG] cheese - admin
[2020-11-13T00:16:02.467] [DEBUG] cheese - null
[2020-11-13T00:16:02.467] [DEBUG] cheese - null
[2020-11-13T13:42:17.461] [DEBUG] cheese - login => username:admin,password:123456
[2020-11-13T13:42:17.462] [DEBUG] cheese - admin
[2020-11-13T13:42:17.478] [DEBUG] cheese - null
[2020-11-13T13:42:17.479] [DEBUG] cheese - null
[2020-11-13T13:43:35.264] [DEBUG] cheese - login => username:admin,password:123456
[2020-11-13T13:43:35.265] [DEBUG] cheese - admin
[2020-11-13T13:43:35.270] [DEBUG] cheese - null
[2020-11-13T13:43:35.270] [DEBUG] cheese - null
[2020-11-13T13:45:27.301] [DEBUG] cheese - null
[2020-11-13T13:45:29.139] [DEBUG] cheese - null
[2020-11-13T14:23:16.582] [DEBUG] cheese - login => username:admin,password:123456
[2020-11-13T14:23:16.583] [DEBUG] cheese - admin
[2020-11-13T14:23:16.597] [DEBUG] cheese - null
[2020-11-13T14:23:16.597] [DEBUG] cheese - null
[2020-11-13T14:28:28.374] [DEBUG] cheese - login => username:admin,password:123456
[2020-11-13T14:28:28.375] [DEBUG] cheese - admin
[2020-11-13T14:28:28.378] [DEBUG] cheese - null
[2020-11-13T14:28:28.378] [DEBUG] cheese - null
[2020-11-13T14:30:57.632] [DEBUG] cheese - login => username:admin,password:123456
[2020-11-13T14:30:57.632] [DEBUG] cheese - admin
[2020-11-13T14:30:57.634] [DEBUG] cheese - null
[2020-11-13T14:30:57.634] [DEBUG] cheese - null
[2020-11-13T14:31:25.438] [DEBUG] cheese - login => username:admin,password:123456
[2020-11-13T14:31:25.438] [DEBUG] cheese - admin
[2020-11-13T14:31:25.441] [DEBUG] cheese - null
[2020-11-13T14:31:25.441] [DEBUG] cheese - null
[2020-11-13T14:57:15.429] [DEBUG] cheese - login => username:admin,password:123456
[2020-11-13T14:57:15.431] [DEBUG] cheese - admin
[2020-11-13T14:57:15.452] [DEBUG] cheese - null
[2020-11-13T14:57:15.453] [DEBUG] cheese - null
[2020-11-13T14:57:57.833] [DEBUG] cheese - login => username:admin,password:123456
[2020-11-13T14:57:57.833] [DEBUG] cheese - admin
[2020-11-13T14:57:57.835] [DEBUG] cheese - null
[2020-11-13T14:57:57.836] [DEBUG] cheese - null
[2020-11-13T15:13:20.496] [DEBUG] cheese - login => username:admin,password:123456
[2020-11-13T15:13:20.496] [DEBUG] cheese - admin
[2020-11-13T15:13:20.498] [DEBUG] cheese - null
[2020-11-13T15:13:20.499] [DEBUG] cheese - null
[2020-11-13T15:15:56.648] [DEBUG] cheese - null
[2020-11-13T15:16:15.102] [DEBUG] cheese - login => username:admin,password:123456
[2020-11-13T15:16:15.102] [DEBUG] cheese - admin
[2020-11-13T15:16:15.104] [DEBUG] cheese - null
[2020-11-13T15:16:15.104] [DEBUG] cheese - null
[2020-11-13T15:30:25.401] [DEBUG] cheese - login => username:admin,password:123456
[2020-11-13T15:30:25.403] [DEBUG] cheese - admin
[2020-11-13T15:30:25.413] [DEBUG] cheese - null
[2020-11-13T15:30:25.414] [DEBUG] cheese - null
[2020-11-13T15:31:03.018] [DEBUG] cheese - login => username:admin,password:123456
[2020-11-13T15:31:03.018] [DEBUG] cheese - admin
[2020-11-13T15:31:03.020] [DEBUG] cheese - null
[2020-11-13T15:31:03.020] [DEBUG] cheese - null
[2020-11-13T15:31:18.597] [DEBUG] cheese - login => username:admin,password:123456
[2020-11-13T15:31:18.597] [DEBUG] cheese - admin
[2020-11-13T15:31:18.599] [DEBUG] cheese - null
[2020-11-13T15:31:18.599] [DEBUG] cheese - null
[2020-11-13T15:32:34.648] [DEBUG] cheese - login => username:admin,password:123456
[2020-11-13T15:32:34.649] [DEBUG] cheese - admin
[2020-11-13T15:32:34.651] [DEBUG] cheese - null
[2020-11-13T15:32:34.651] [DEBUG] cheese - null
[2020-11-13T18:28:41.668] [DEBUG] cheese - login => username:admin,password:123456
[2020-11-13T18:28:41.671] [DEBUG] cheese - admin
[2020-11-13T18:28:41.689] [DEBUG] cheese - null
[2020-11-13T18:28:41.689] [DEBUG] cheese - null
[2020-11-13T18:52:25.235] [DEBUG] cheese - login => username:admin,password:123456
[2020-11-13T18:52:25.235] [DEBUG] cheese - admin
[2020-11-13T18:52:25.239] [DEBUG] cheese - null
[2020-11-13T18:52:25.240] [DEBUG] cheese - null
[2020-11-13T19:08:03.219] [DEBUG] cheese - login => username:admin,password:123456
[2020-11-13T19:08:03.221] [DEBUG] cheese - admin
[2020-11-13T19:08:03.232] [DEBUG] cheese - null
[2020-11-13T19:08:03.232] [DEBUG] cheese - null
[2020-11-13T21:49:21.263] [DEBUG] cheese - login => username:admin,password:123456
[2020-11-13T21:49:21.265] [DEBUG] cheese - admin
[2020-11-13T21:49:21.283] [DEBUG] cheese - null
[2020-11-13T21:49:21.284] [DEBUG] cheese - null
[2020-11-13T22:00:39.732] [DEBUG] cheese - login => username:admin,password:123456
[2020-11-13T22:00:39.733] [DEBUG] cheese - admin
[2020-11-13T22:00:39.739] [DEBUG] cheese - null
[2020-11-13T22:00:39.739] [DEBUG] cheese - null
[2020-11-13T23:28:09.140] [DEBUG] cheese - null
[2020-11-14T01:24:13.174] [DEBUG] cheese - login => username:admin,password:123456
[2020-11-14T01:24:13.175] [DEBUG] cheese - admin
[2020-11-14T01:24:13.187] [DEBUG] cheese - null
[2020-11-14T01:24:13.188] [DEBUG] cheese - null
[2020-11-14T16:03:22.629] [DEBUG] cheese - login => username:admin,password:123456
[2020-11-14T16:03:22.631] [DEBUG] cheese - admin
[2020-11-14T16:03:22.648] [DEBUG] cheese - null
[2020-11-14T16:03:22.649] [DEBUG] cheese - null
[2020-11-14T20:48:26.066] [DEBUG] cheese - login => username:admin,password:123456
[2020-11-14T20:48:26.069] [DEBUG] cheese - admin
[2020-11-14T20:48:26.073] [DEBUG] cheese - null
[2020-11-14T20:48:26.074] [DEBUG] cheese - null
[2020-11-15T16:08:27.108] [DEBUG] cheese - login => username:admin,password:123456
[2020-11-15T16:08:27.111] [DEBUG] cheese - admin
[2020-11-15T16:08:27.137] [DEBUG] cheese - null
[2020-11-15T16:08:27.137] [DEBUG] cheese - null
[2020-11-15T21:40:32.315] [DEBUG] cheese - null
[2020-11-15T21:42:16.505] [DEBUG] cheese - null
[2020-11-15T21:44:22.467] [DEBUG] cheese - null
[2020-11-15T21:56:50.854] [DEBUG] cheese - null
[2020-11-15T22:00:32.148] [DEBUG] cheese - null
